2024-11-16 21:11:58,850 - INFO - Telegram message sent successfully
2024-11-16 21:15:03,054 - INFO - Sending telegram message: 🚀 Scanner Started - Monitoring Markets
2024-11-16 21:15:03,588 - INFO - Telegram message sent successfully
2024-11-16 21:18:42,357 - INFO - Sending telegram message: 🚀 Scanner Started - Monitoring Markets
2024-11-16 21:18:42,773 - INFO - Telegram message sent successfully
2024-11-16 21:19:13,589 - INFO - Sending telegram message: ⏹️ Market Scanner Stopped
2024-11-16 21:19:13,867 - INFO - Telegram message sent successfully
2024-11-16 21:19:18,139 - INFO - Sending telegram message: 🚀 Scanner Started - Monitoring Markets
2024-11-16 21:19:18,461 - INFO - Telegram message sent successfully
2024-11-16 21:19:38,828 - INFO - Sending telegram message: ⏹️ Market Scanner Stopped
2024-11-16 21:19:39,187 - INFO - Telegram message sent successfully
2024-11-16 21:19:41,786 - INFO - Sending telegram message: 🚀 Scanner Started - Monitoring Markets
2024-11-16 21:19:42,145 - INFO - Telegram message sent successfully
2024-11-16 21:21:19,745 - INFO - New signal detected for NEIRO/USDT: HTF_SUPPORT_WICK
2024-11-16 21:21:19,759 - INFO - Signal stored in database for NEIRO/USDT
2024-11-16 21:21:19,761 - INFO - Sending signal notification for NEIRO/USDT
2024-11-16 21:21:19,762 - INFO - Sending telegram message: 🎯 HTF Support Wick Signal
Market: NEIRO/USDT
Support Timeframe: 4h
Wick Timeframe: 15m
Support Price: 0.00201253
Wick Size: 0.33%
Support Strength: Very Strong
2024-11-16 21:21:20,071 - INFO - Telegram message sent successfully
2024-11-16 21:21:20,111 - INFO - Signal notification sent for NEIRO/USDT
2024-11-16 21:21:58,438 - INFO - New signal detected for HMSTR/USDT: HTF_SUPPORT_WICK
2024-11-16 21:21:58,449 - INFO - Signal stored in database for HMSTR/USDT
2024-11-16 21:21:58,450 - INFO - Sending signal notification for HMSTR/USDT
2024-11-16 21:21:58,451 - INFO - Sending telegram message: 🎯 HTF Support Wick Signal
Market: HMSTR/USDT
Support Timeframe: 4h
Wick Timeframe: 15m
Support Price: 0.00400900
Wick Size: 0.32%
Support Strength: Very Strong
2024-11-16 21:21:58,739 - INFO - Telegram message sent successfully
2024-11-16 21:21:58,745 - INFO - Signal notification sent for HMSTR/USDT
2024-11-16 21:22:06,485 - INFO - New signal detected for NEIRO/USDT: HTF_SUPPORT_WICK
2024-11-16 21:22:06,500 - INFO - Signal stored in database for NEIRO/USDT
2024-11-16 21:22:06,501 - INFO - Sending signal notification for NEIRO/USDT
2024-11-16 21:22:06,502 - INFO - Sending telegram message: 🎯 HTF Support Wick Signal
Market: NEIRO/USDT
Support Timeframe: 4h
Wick Timeframe: 15m
Support Price: 0.00201253
Wick Size: 0.33%
Support Strength: Very Strong
2024-11-16 21:22:06,803 - INFO - Telegram message sent successfully
2024-11-16 21:22:06,806 - INFO - Signal notification sent for NEIRO/USDT
2024-11-16 21:22:08,666 - INFO - New signal detected for JTO/USDT: HTF_SUPPORT_WICK
2024-11-16 21:22:08,689 - INFO - Signal stored in database for JTO/USDT
2024-11-16 21:22:08,690 - INFO - Sending signal notification for JTO/USDT
2024-11-16 21:22:08,691 - INFO - Sending telegram message: 🎯 HTF Support Wick Signal
Market: JTO/USDT
Support Timeframe: 4h
Wick Timeframe: 15m
Support Price: 2.74300000
Wick Size: 0.33%
Support Strength: Very Strong
2024-11-16 21:22:09,068 - INFO - Telegram message sent successfully
2024-11-16 21:22:09,069 - INFO - Signal notification sent for JTO/USDT
2024-11-16 21:22:40,047 - INFO - New signal detected for NEIRO/USDT: HTF_SUPPORT_WICK
2024-11-16 21:22:40,076 - INFO - Signal stored in database for NEIRO/USDT
2024-11-16 21:22:40,077 - INFO - Sending signal notification for NEIRO/USDT
2024-11-16 21:22:40,078 - INFO - Sending telegram message: 🎯 HTF Support Wick Signal
Market: NEIRO/USDT
Support Timeframe: 4h
Wick Timeframe: 15m
Support Price: 0.00201253
Wick Size: 0.33%
Support Strength: Very Strong
2024-11-16 21:22:40,431 - INFO - Telegram message sent successfully
2024-11-16 21:22:40,432 - INFO - Signal notification sent for NEIRO/USDT
2024-11-16 21:23:44,649 - INFO - Sending telegram message: ⏹️ Market Scanner Stopped
2024-11-16 21:23:45,004 - INFO - Telegram message sent successfully
2024-11-16 21:23:49,192 - INFO - Sending telegram message: 🚀 Scanner Started - Monitoring Markets
2024-11-16 21:23:49,562 - INFO - Telegram message sent successfully
